<?xml version="1.0" encoding="UTF-8"?>
<!-- Generated by org.testng.reporters.JUnitXMLReporter -->
<testsuite ignored="1" hostname="HP" failures="0" tests="1" name="NegativeTests" time="10.597" errors="0" timestamp="05 Jan 2020 09:47:31 GMT">
  <testcase classname="com.herokuapp.theinternet.NegativeTests" name="incorrectPasswordTest" time="10.595"/>
  <testcase classname="com.herokuapp.theinternet.NegativeTests" name="incorrectUserNameTest" time="0.0">
    <ignored/>
  </testcase> <!-- incorrectUserNameTest -->
</testsuite> <!-- NegativeTests -->
