<?xml version="1.0" encoding="UTF-8"?>
<testng-results ignored="1" total="3" passed="2" failed="0" skipped="0">
  <reporter-output>
  </reporter-output>
  <suite started-at="2020-01-05T09:47:20Z" name="NegativeTestsSuite" finished-at="2020-01-05T09:47:31Z" duration-ms="10597">
    <groups>
      <group name="negativeTest">
        <method signature="NegativeTests.incorrectPasswordTest()[pri:2, instance:com.herokuapp.theinternet.NegativeTests@34bde49d]" name="incorrectPasswordTest" class="com.herokuapp.theinternet.NegativeTests"/>
      </group> <!-- negativeTest -->
    </groups>
    <test started-at="2020-01-05T09:47:20Z" name="NegativeTests" finished-at="2020-01-05T09:47:31Z" duration-ms="10597">
      <class name="com.herokuapp.theinternet.NegativeTests">
        <test-method signature="incorrectPasswordTest()[pri:2, instance:com.herokuapp.theinternet.NegativeTests@34bde49d]" started-at="2020-01-05T09:47:20Z" name="incorrectPasswordTest" finished-at="2020-01-05T09:47:31Z" duration-ms="10595" status="PASS">
          <reporter-output>
          </reporter-output>
        </test-method> <!-- incorrectPasswordTest -->
      </class> <!-- com.herokuapp.theinternet.NegativeTests -->
    </test> <!-- NegativeTests -->
  </suite> <!-- NegativeTestsSuite -->
  <suite started-at="2020-01-05T09:47:03Z" name="Alltests" finished-at="2020-01-05T09:47:18Z" duration-ms="14908">
    <groups>
    </groups>
    <test started-at="2020-01-05T09:47:03Z" name="PositiveTest" finished-at="2020-01-05T09:47:18Z" duration-ms="14908">
      <class name="com.herokuapp.theinternet.PositiveTest">
        <test-method signature="loginTests()[pri:0, instance:com.herokuapp.theinternet.PositiveTest@f1da57d]" started-at="2020-01-05T09:47:03Z" name="loginTests" finished-at="2020-01-05T09:47:18Z" duration-ms="14848" status="PASS">
          <reporter-output>
          </reporter-output>
        </test-method> <!-- loginTests -->
      </class> <!-- com.herokuapp.theinternet.PositiveTest -->
    </test> <!-- PositiveTest -->
  </suite> <!-- Alltests -->
</testng-results>
